[handleMsg]:  {
  key: {
    remoteJid: '593998081000@s.whatsapp.net',
    fromMe: false,
    id: '3EB0778E9614457418A33C',
    participant: undefined
  },
  messageTimestamp: 1744572091,
  pushName: 'SmartLink Conexion Inteligente con La Limpieza',
  broadcast: false,
  message: Message {
    conversation: 'hola',
    messageContextInfo: MessageContextInfo {
      deviceListMetadata: [DeviceListMetadata],
      deviceListMetadataVersion: 2,
      messageSecret: [Uint8Array]
    }
  },
  verifiedBizName: 'SmartLink Conexion Inteligente con La Limpieza',
  body: 'hola',
  from: '593998081000'
}
[handleMsg]:  {
  key: {
    remoteJid: '593998081000@s.whatsapp.net',
    fromMe: false,
    id: '3EB0807A53EC76CAE332CC',
    participant: undefined
  },
  messageTimestamp: 1744572093,
  pushName: 'SmartLink Conexion Inteligente con La Limpieza',
  broadcast: false,
  message: Message {
    conversation: 'hola',
    messageContextInfo: MessageContextInfo {
      deviceListMetadata: [DeviceListMetadata],
      deviceListMetadataVersion: 2,
      messageSecret: [Uint8Array]
    }
  },
  verifiedBizName: 'SmartLink Conexion Inteligente con La Limpieza',
  body: 'hola',
  from: '593998081000'
}
[QUEUE_SE_ENVIO]:  {
  ref: 'ans_29a34a6b-e42b-4f76-b1c6-5169e813ac08',
  keyword: 'key_908c5ccc-7616-465f-b8d1-83ce49f2592a',
  answer: '🙌 Hola bienvenido a este *Chatbot*',
  options: {
    media: null,
    buttons: [],
    capture: false,
    child: null,
    delay: 0,
    idle: null,
    ref: null,
    nested: [],
    keyword: {},
    callback: false
  },
  refSerialize: '309f7f50cfdb6e0b6f9dc4a6458cc2f4'
}
[QUEUE_SE_ENVIO]:  {
  ref: 'ans_8834a433-b6da-4169-aac0-cf088f5e2e66',
  keyword: 'ans_29a34a6b-e42b-4f76-b1c6-5169e813ac08',
  answer: 'te comparto los siguientes links de interes sobre el proyecto\n' +
    '👉 *doc* para ver la documentación\n' +
    '👉 *gracias*  para ver la lista de videos\n' +
    '👉 *discord* unirte al discord',
  options: {
    media: null,
    buttons: [],
    capture: false,
    child: null,
    delay: 0,
    idle: null,
    ref: null,
    nested: [
      [Object], [Object],
      [Object], [Object],
      [Object], [Object],
      [Object], [Object]
    ],
    keyword: {},
    callback: false
  },
  refSerialize: 'db53c2e0cdd1293eb27f818fada81771'
}
[handleMsg]:  {
  key: {
    remoteJid: '593998081000@s.whatsapp.net',
    fromMe: false,
    id: '3EB0A2B7CADF45FED3202D',
    participant: undefined
  },
  messageTimestamp: 1744572094,
  pushName: 'SmartLink Conexion Inteligente con La Limpieza',
  broadcast: false,
  message: Message {
    protocolMessage: ProtocolMessage {
      type: 4,
      ephemeralExpiration: 0,
      ephemeralSettingTimestamp: [Long],
      disappearingMode: [DisappearingMode]
    },
    messageContextInfo: MessageContextInfo {
      deviceListMetadata: [DeviceListMetadata],
      deviceListMetadataVersion: 2
    }
  },
  verifiedBizName: 'SmartLink Conexion Inteligente con La Limpieza',
  body: '',
  from: '593998081000'
}
